<?xml version="1.0" encoding="UTF-8"?>
<!-- Generated by org.testng.reporters.JUnitReportReporter -->
<testsuite name="com.streame.Smoke" tests="1" time="269.098" ignored="0" failures="0" timestamp="21 mar 2017 19:56:21 GMT" skipped="0" hostname="dmarroquin" errors="0">
  <testcase name="Streame_smoke" time="269.098" classname="com.streame.Smoke"/>
</testsuite> <!-- com.streame.Smoke -->
